Arguments: 
  /home/rizwan/.nvm/versions/node/v18.12.0/bin/node /home/rizwan/.nvm/versions/node/v18.12.0/bin/yarn add @cypress/instrument-cra

PATH: 
  /home/rizwan/.local/bin:/home/rizwan/.nvm/versions/node/v18.12.0/bin:/home/rizwan/.local/bin:/usr/local/sbin:/usr/local/bin:/usr/sbin:/usr/bin:/sbin:/bin:/usr/games:/usr/local/games:/snap/bin:/home/rizwan/.local/share/JetBrains/Toolbox/scripts:/home/rizwan/development/flutter/bin:/home/rizwan/.local/share/JetBrains/Toolbox/scripts:/home/rizwan/development/flutter/bin

Yarn version: 
  1.22.19

Node version: 
  18.12.0

Platform: 
  linux x64

Trace: 
  Error: https://registry.npmmirror.com/string.prototype.trimend/-/string.prototype.trimend-1.0.5.tgz: Request failed "504 Gateway Timeout"
      at ResponseError.ExtendableBuiltin (/home/rizwan/.nvm/versions/node/v18.12.0/lib/node_modules/yarn/lib/cli.js:696:66)
      at new ResponseError (/home/rizwan/.nvm/versions/node/v18.12.0/lib/node_modules/yarn/lib/cli.js:802:124)
      at Request.<anonymous> (/home/rizwan/.nvm/versions/node/v18.12.0/lib/node_modules/yarn/lib/cli.js:66215:16)
      at Request.emit (node:events:513:28)
      at module.exports.Request.onRequestResponse (/home/rizwan/.nvm/versions/node/v18.12.0/lib/node_modules/yarn/lib/cli.js:141767:10)
      at ClientRequest.emit (node:events:513:28)
      at HTTPParser.parserOnIncomingClient (node:_http_client:693:27)
      at HTTPParser.parserOnHeadersComplete (node:_http_common:117:17)
      at TLSSocket.socketOnData (node:_http_client:534:22)
      at TLSSocket.emit (node:events:513:28)

npm manifest: 
  {
    "name": "reactapp",
    "version": "0.1.0",
    "private": true,
    "dependencies": {
      "@testing-library/jest-dom": "^5.16.5",
      "@testing-library/user-event": "^13.5.0",
      "axios": "^1.1.3",
      "bootstrap": "^5.2.2",
      "echarts-for-react": "^3.0.2",
      "react": "^18.2.0",
      "react-dom": "^18.2.0",
      "react-router-dom": "^6.4.2",
      "react-scripts": "5.0.1",
      "web-vitals": "^2.1.4"
    },
    "scripts": {
      "start": "react-scripts start",
      "build": "react-scripts build",
      "test": "react-scripts test",
      "eject": "react-scripts eject",
      "cypresss": "cypresss open"
    },
    "eslintConfig": {
      "extends": [
        "react-app",
        "react-app/jest"
      ]
    },
    "browserslist": {
      "production": [
        ">0.2%",
        "not dead",
        "not op_mini all"
      ],
      "development": [
        "last 1 chrome version",
        "last 1 firefox version",
        "last 1 safari version"
      ]
    },
    "devDependencies": {
      "@testing-library/react": "^13.4.0",
      "cypress": "^10.11.0",
      "jest-dom": "^4.0.0",
      "react-test-renderer": "^18.2.0"
    }
  }

yarn manifest: 
  No manifest

Lockfile: 
  No lockfile
